<?xml version="1.0" encoding="UTF-8"?>
<!-- Generated by org.testng.reporters.JUnitReportReporter -->
<testsuite hostname="Vince" failures="0" tests="3" name="com.vince.steps.LogIn" time="1.327" errors="0" timestamp="08 Feb 2019 01:12:14 GMT" skipped="0">
  <testcase classname="com.vince.steps.LogIn" name="selectlogin" time="0.318"/>
  <testcase classname="com.vince.steps.LogIn" name="login" time="0.392"/>
  <testcase classname="com.vince.steps.LogIn" name="makeappointment" time="0.617"/>
</testsuite> <!-- com.vince.steps.LogIn -->
