<?xml version="1.0" encoding="UTF-8"?>
<!-- Generated by org.testng.reporters.JUnitReportReporter -->
<testsuite skipped="0" hostname="Vince" name="com.vince.steps.LogIn" tests="3" failures="0" timestamp="09 Feb 2019 09:33:29 GMT" time="1.187" errors="0">
  <testcase name="selectlogin" time="0.296" classname="com.vince.steps.LogIn"/>
  <testcase name="login" time="0.317" classname="com.vince.steps.LogIn"/>
  <testcase name="makeappointment" time="0.574" classname="com.vince.steps.LogIn"/>
</testsuite> <!-- com.vince.steps.LogIn -->
